<?xml version="1.0" encoding="UTF-8"?>
<testng-results ignored="0" total="4" passed="4" failed="0" skipped="0">
  <reporter-output>
  </reporter-output>
  <suite started-at="2025-02-23T03:34:31 IST" name="Default suite" finished-at="2025-02-23T03:34:49 IST" duration-ms="18337">
    <groups>
      <group name="cucumber">
        <method signature="AbstractTestNGCucumberTests.runScenario(io.cucumber.testng.PickleWrapper,io.cucumber.testng.FeatureWrapper)[pri:0, instance:testRunner.userLoginTestCase@687e99d8]" name="runScenario" class="io.cucumber.testng.AbstractTestNGCucumberTests"/>
      </group> <!-- cucumber -->
    </groups>
    <test started-at="2025-02-23T03:34:31 IST" name="Default test" finished-at="2025-02-23T03:34:49 IST" duration-ms="18337">
      <class name="testRunner.userLoginTestCase">
        <test-method is-config="true" signature="setUpClass(org.testng.ITestContext)[pri:0, instance:testRunner.userLoginTestCase@687e99d8]" started-at="2025-02-23T03:34:31 IST" name="setUpClass" finished-at="2025-02-23T03:34:32 IST" duration-ms="861" status="PASS">
          <params>
            <param index="0">
              <value>
                <![CDATA[org.testng.TestRunner@7a0ef219]]>
              </value>
            </param>
          </params>
          <reporter-output>
          </reporter-output>
        </test-method> <!-- setUpClass -->
        <test-method signature="runScenario(io.cucumber.testng.PickleWrapper,io.cucumber.testng.FeatureWrapper)[pri:0, instance:testRunner.userLoginTestCase@687e99d8]" started-at="2025-02-23T03:34:32 IST" name="runScenario" description="Runs Cucumber Scenarios" data-provider="scenarios" finished-at="2025-02-23T03:34:38 IST" duration-ms="6586" status="PASS">
          <params>
            <param index="0">
              <value>
                <![CDATA["User Login with valid inputs"]]>
              </value>
            </param>
            <param index="1">
              <value>
                <![CDATA["User Login"]]>
              </value>
            </param>
          </params>
          <reporter-output>
          </reporter-output>
        </test-method> <!-- runScenario -->
        <test-method signature="runScenario(io.cucumber.testng.PickleWrapper,io.cucumber.testng.FeatureWrapper)[pri:0, instance:testRunner.userLoginTestCase@687e99d8]" started-at="2025-02-23T03:34:38 IST" name="runScenario" description="Runs Cucumber Scenarios" data-provider="scenarios" finished-at="2025-02-23T03:34:42 IST" duration-ms="3526" status="PASS">
          <params>
            <param index="0">
              <value>
                <![CDATA["User Login with invalid inputs"]]>
              </value>
            </param>
            <param index="1">
              <value>
                <![CDATA["User Login"]]>
              </value>
            </param>
          </params>
          <reporter-output>
          </reporter-output>
        </test-method> <!-- runScenario -->
        <test-method signature="runScenario(io.cucumber.testng.PickleWrapper,io.cucumber.testng.FeatureWrapper)[pri:0, instance:testRunner.userLoginTestCase@687e99d8]" started-at="2025-02-23T03:34:42 IST" name="runScenario" description="Runs Cucumber Scenarios" data-provider="scenarios" finished-at="2025-02-23T03:34:45 IST" duration-ms="3484" status="PASS">
          <params>
            <param index="0">
              <value>
                <![CDATA["User Login with invalid inputs"]]>
              </value>
            </param>
            <param index="1">
              <value>
                <![CDATA["User Login"]]>
              </value>
            </param>
          </params>
          <reporter-output>
          </reporter-output>
        </test-method> <!-- runScenario -->
        <test-method signature="runScenario(io.cucumber.testng.PickleWrapper,io.cucumber.testng.FeatureWrapper)[pri:0, instance:testRunner.userLoginTestCase@687e99d8]" started-at="2025-02-23T03:34:45 IST" name="runScenario" description="Runs Cucumber Scenarios" data-provider="scenarios" finished-at="2025-02-23T03:34:49 IST" duration-ms="3777" status="PASS">
          <params>
            <param index="0">
              <value>
                <![CDATA["User Login with invalid inputs"]]>
              </value>
            </param>
            <param index="1">
              <value>
                <![CDATA["User Login"]]>
              </value>
            </param>
          </params>
          <reporter-output>
          </reporter-output>
        </test-method> <!-- runScenario -->
        <test-method is-config="true" signature="tearDownClass()[pri:0, instance:testRunner.userLoginTestCase@687e99d8]" started-at="2025-02-23T03:34:49 IST" name="tearDownClass" finished-at="2025-02-23T03:34:49 IST" duration-ms="31" status="PASS">
          <reporter-output>
          </reporter-output>
        </test-method> <!-- tearDownClass -->
      </class> <!-- testRunner.userLoginTestCase -->
    </test> <!-- Default test -->
  </suite> <!-- Default suite -->
</testng-results>
